Started GET "/cats/108" for ::1 at 2020-07-20 07:26:45 -0400

ActiveRecord::NoDatabaseError - FATAL:  database "app-academy-times_development" does not exist
:

Started POST "/__better_errors/d6b52e5c2ca9000c/variables" for ::1 at 2020-07-20 07:26:45 -0400
Started GET "/cats/" for ::1 at 2020-07-20 07:26:45 -0400

ActiveRecord::NoDatabaseError - FATAL:  database "app-academy-times_development" does not exist
:

Started POST "/__better_errors/97db7bf077a88db7/variables" for ::1 at 2020-07-20 07:26:45 -0400
Started GET "/" for ::1 at 2020-07-20 07:26:46 -0400

ActiveRecord::NoDatabaseError - FATAL:  database "app-academy-times_development" does not exist
:

Started POST "/__better_errors/2ac676fe74dbf470/variables" for ::1 at 2020-07-20 07:26:46 -0400
  [1m[35m (214.3ms)[0m  [1m[35mCREATE DATABASE "app-academy-times_development" ENCODING = 'unicode'[0m
  ↳ bin/rails:9
  [1m[35m (58.8ms)[0m  [1m[35mCREATE DATABASE "app-academy-times_test" ENCODING = 'unicode'[0m
  ↳ bin/rails:9
Started GET "/" for ::1 at 2020-07-20 07:27:18 -0400
Processing by Rails::WelcomeController#index as HTML
  Rendering /usr/local/var/rbenv/versions/2.6.6/lib/ruby/gems/2.6.0/gems/railties-5.2.4.3/lib/rails/templates/rails/welcome/index.html.erb
  Rendered /usr/local/var/rbenv/versions/2.6.6/lib/ruby/gems/2.6.0/gems/railties-5.2.4.3/lib/rails/templates/rails/welcome/index.html.erb (4.3ms)
Completed 200 OK in 17ms (Views: 12.4ms | ActiveRecord: 0.0ms)


